[0m[[0m[0mdebug[0m] [0m[0m> Exec(testOnly systolic_architecture.SystolicArrayArchTest -- -oD, Some(dbb45f98-95d6-4f77-8fcf-4d3e605214ba), Some(CommandSource(console0)))[0m
[0m[[0m[0mdebug[0m] [0m[0mEvaluating tasks: Test / testOnly[0m
[0m[[0m[0mdebug[0m] [0m[0mRunning task... Cancel: Signal, check cycles: false, forcegc: true[0m
[0m[[0m[0minfo[0m] [0m[0mcompiling 1 Scala source to /home/talha/Desktop/SystolicArray/target/scala-2.12/test-classes ...[0m
[0m[[0m[33mwarn[0m] [0m[0mthere was one deprecation warning (since 3.1.0); re-run with -deprecation for details[0m
[0m[[0m[33mwarn[0m] [0m[0mthere were three feature warnings; re-run with -feature for details[0m
[0m[[0m[33mwarn[0m] [0m[0mtwo warnings found[0m
[0m[[0m[0minfo[0m] [0m[0m[32mSystolicArrayArchTest:[0m[0m
[0m[[0m[0minfo[0m] [0m[0m[31m- SystolicArrayArch *** FAILED *** (2 seconds, 802 milliseconds)[0m[0m
[0m[[0m[0minfo[0m] [0m[0m[31m  io_output_0_0=0 (0x0) did not equal expected=1 (0x1) (lines in systolic_archTest.scala: 44, 40, 39, 11) (systolic_archTest.scala:44)[0m[0m
[0m[[0m[0minfo[0m] [0m[0m[36mRun completed in 2 seconds, 949 milliseconds.[0m[0m
[0m[[0m[0minfo[0m] [0m[0m[36mTotal number of tests run: 1[0m[0m
[0m[[0m[0minfo[0m] [0m[0m[36mSuites: completed 1, aborted 0[0m[0m
[0m[[0m[0minfo[0m] [0m[0m[36mTests: succeeded 0, failed 1, canceled 0, ignored 0, pending 0[0m[0m
[0m[[0m[0minfo[0m] [0m[0m[31m*** 1 TEST FAILED ***[0m[0m
[0m[[0m[31merror[0m] [0m[0mFailed tests:[0m
[0m[[0m[31merror[0m] [0m[0m	systolic_architecture.SystolicArrayArchTest[0m
[0m[[0m[0mdebug[0m] [0m[0mForcing garbage collection...[0m
[0m[[0m[31merror[0m] [0m[0m(Test / [31mtestOnly[0m) sbt.TestsFailedException: Tests unsuccessful[0m
[0m[[0m[31merror[0m] [0m[0mTotal time: 6 s, completed Dec 23, 2023, 1:32:52 PM[0m
[0m[[0m[0mdebug[0m] [0m[0m> Exec(shell, None, None)[0m
